08:11:27 [INFO] Initialization successful.
08:11:27 [INFO] Camera now open.
08:11:27 [INFO] Camera configuration has been adjusted!
08:11:27 [INFO] Configuration successful!
08:11:27 [INFO] Camera started
08:11:27 [INFO] OCR worker started
08:11:27 [INFO] Starting main loop
08:11:28 [INFO] Queued frame 0 for OCR
08:11:28 [INFO] OCR worker: received frame 0
08:11:29 [INFO] OCR worker exception: operands could not be broadcast together with shapes (100,740,3) (100,800,3) 
08:11:47 [INFO] Queued frame 1 for OCR
08:11:47 [INFO] OCR worker: received frame 1
08:11:47 [INFO] OCR worker exception: operands could not be broadcast together with shapes (100,740,3) (100,800,3) 
08:11:47 [INFO] Queued frame 2 for OCR
08:11:47 [INFO] OCR worker: received frame 2
08:11:47 [INFO] OCR worker exception: operands could not be broadcast together with shapes (100,740,3) (100,800,3) 
08:11:48 [INFO] Queued frame 3 for OCR
08:11:48 [INFO] OCR worker: received frame 3
08:11:48 [INFO] OCR worker exception: operands could not be broadcast together with shapes (100,740,3) (100,800,3) 
08:11:48 [INFO] Queued frame 4 for OCR
08:11:48 [INFO] OCR worker: received frame 4
08:11:48 [INFO] OCR worker exception: operands could not be broadcast together with shapes (100,740,3) (100,800,3) 
08:11:48 [INFO] Queued frame 5 for OCR
08:11:48 [INFO] OCR worker: received frame 5
08:11:48 [INFO] OCR worker exception: operands could not be broadcast together with shapes (100,740,3) (100,800,3) 
08:11:48 [INFO] Queued frame 6 for OCR
08:11:48 [INFO] OCR worker: received frame 6
08:11:48 [INFO] OCR worker exception: operands could not be broadcast together with shapes (100,740,3) (100,800,3) 
08:11:48 [INFO] Queued frame 7 for OCR
08:11:48 [INFO] OCR worker: received frame 7
08:11:48 [INFO] OCR worker exception: operands could not be broadcast together with shapes (100,740,3) (100,800,3) 
08:11:49 [INFO] Queued frame 8 for OCR
08:11:49 [INFO] OCR worker: received frame 8
08:11:49 [INFO] OCR worker exception: operands could not be broadcast together with shapes (100,740,3) (100,800,3) 
08:11:49 [INFO] Queued frame 9 for OCR
08:11:49 [INFO] OCR worker: received frame 9
08:11:49 [INFO] OCR worker exception: operands could not be broadcast together with shapes (100,740,3) (100,800,3) 
08:11:49 [INFO] Queued frame 10 for OCR
08:11:49 [INFO] OCR worker: received frame 10
08:11:49 [INFO] OCR worker exception: operands could not be broadcast together with shapes (100,740,3) (100,800,3) 
08:11:49 [INFO] Queued frame 11 for OCR
08:11:49 [INFO] OCR worker: received frame 11
08:11:49 [INFO] OCR worker exception: operands could not be broadcast together with shapes (100,740,3) (100,800,3) 
08:11:49 [INFO] Queued frame 12 for OCR
08:11:49 [INFO] OCR worker: received frame 12
08:11:49 [INFO] OCR worker exception: operands could not be broadcast together with shapes (100,740,3) (100,800,3) 
08:11:49 [INFO] Queued frame 13 for OCR
08:11:49 [INFO] OCR worker: received frame 13
08:11:49 [INFO] OCR worker exception: operands could not be broadcast together with shapes (100,740,3) (100,800,3) 
08:11:49 [INFO] Queued frame 14 for OCR
08:11:49 [INFO] OCR worker: received frame 14
08:11:49 [INFO] OCR worker exception: operands could not be broadcast together with shapes (100,740,3) (100,800,3) 
08:11:49 [INFO] Queued frame 15 for OCR
08:11:49 [INFO] OCR worker: received frame 15
08:11:49 [INFO] OCR worker exception: operands could not be broadcast together with shapes (100,740,3) (100,800,3) 
08:11:50 [INFO] Queued frame 16 for OCR
08:11:50 [INFO] OCR worker: received frame 16
08:11:50 [INFO] OCR worker exception: operands could not be broadcast together with shapes (100,740,3) (100,800,3) 
08:11:50 [INFO] Queued frame 17 for OCR
08:11:50 [INFO] OCR worker: received frame 17
08:11:50 [INFO] OCR worker exception: operands could not be broadcast together with shapes (100,740,3) (100,800,3) 
08:11:50 [INFO] Queued frame 18 for OCR
08:11:50 [INFO] OCR worker: received frame 18
08:11:50 [INFO] OCR worker exception: operands could not be broadcast together with shapes (100,740,3) (100,800,3) 
08:11:50 [INFO] Queued frame 19 for OCR
08:11:50 [INFO] OCR worker: received frame 19
08:11:50 [INFO] OCR worker exception: operands could not be broadcast together with shapes (100,740,3) (100,800,3) 
08:11:50 [INFO] Queued frame 20 for OCR
08:11:50 [INFO] OCR worker: received frame 20
08:11:50 [INFO] OCR worker exception: operands could not be broadcast together with shapes (100,740,3) (100,800,3) 
08:11:51 [INFO] Queued frame 21 for OCR
08:11:51 [INFO] OCR worker: received frame 21
08:11:51 [INFO] OCR worker exception: operands could not be broadcast together with shapes (100,740,3) (100,800,3) 
08:11:51 [INFO] Queued frame 22 for OCR
08:11:51 [INFO] OCR worker: received frame 22
08:11:51 [INFO] OCR worker exception: operands could not be broadcast together with shapes (100,740,3) (100,800,3) 
08:11:51 [INFO] Queued frame 23 for OCR
08:11:51 [INFO] OCR worker: received frame 23
08:11:51 [INFO] OCR worker exception: operands could not be broadcast together with shapes (100,740,3) (100,800,3) 
08:11:51 [INFO] Queued frame 24 for OCR
08:11:51 [INFO] OCR worker: received frame 24
08:11:51 [INFO] OCR worker exception: operands could not be broadcast together with shapes (100,740,3) (100,800,3) 
08:11:51 [INFO] Queued frame 25 for OCR
08:11:51 [INFO] OCR worker: received frame 25
08:11:51 [INFO] OCR worker exception: operands could not be broadcast together with shapes (100,740,3) (100,800,3) 
08:11:51 [INFO] Queued frame 26 for OCR
08:11:51 [INFO] OCR worker: received frame 26
08:11:51 [INFO] OCR worker exception: operands could not be broadcast together with shapes (100,740,3) (100,800,3) 
08:11:51 [INFO] Queued frame 27 for OCR
08:11:51 [INFO] OCR worker: received frame 27
08:11:52 [INFO] OCR worker exception: operands could not be broadcast together with shapes (100,740,3) (100,800,3) 
08:11:52 [INFO] Queued frame 28 for OCR
08:11:52 [INFO] OCR worker: received frame 28
08:11:52 [INFO] OCR worker exception: operands could not be broadcast together with shapes (100,740,3) (100,800,3) 
08:11:52 [INFO] Queued frame 29 for OCR
08:11:52 [INFO] OCR worker: received frame 29
08:11:52 [INFO] OCR worker exception: operands could not be broadcast together with shapes (100,740,3) (100,800,3) 
08:11:52 [INFO] Queued frame 30 for OCR
08:11:52 [INFO] OCR worker: received frame 30
08:11:52 [INFO] OCR worker exception: operands could not be broadcast together with shapes (100,740,3) (100,800,3) 
08:11:52 [INFO] Queued frame 31 for OCR
08:11:52 [INFO] OCR worker: received frame 31
08:11:52 [INFO] OCR worker exception: operands could not be broadcast together with shapes (100,740,3) (100,800,3) 
08:11:52 [INFO] Queued frame 32 for OCR
08:11:52 [INFO] OCR worker: received frame 32
08:11:52 [INFO] OCR worker exception: operands could not be broadcast together with shapes (100,740,3) (100,800,3) 
08:11:52 [INFO] Queued frame 33 for OCR
08:11:52 [INFO] OCR worker: received frame 33
08:11:52 [INFO] OCR worker exception: operands could not be broadcast together with shapes (100,740,3) (100,800,3) 
08:11:52 [INFO] Queued frame 34 for OCR
08:11:52 [INFO] OCR worker: received frame 34
08:11:53 [INFO] OCR worker exception: operands could not be broadcast together with shapes (100,740,3) (100,800,3) 
08:11:53 [INFO] Queued frame 35 for OCR
08:11:53 [INFO] OCR worker: received frame 35
08:11:53 [INFO] OCR worker exception: operands could not be broadcast together with shapes (100,740,3) (100,800,3) 
08:11:53 [INFO] Queued frame 36 for OCR
08:11:53 [INFO] OCR worker: received frame 36
08:11:53 [INFO] OCR worker exception: operands could not be broadcast together with shapes (100,740,3) (100,800,3) 
08:11:53 [INFO] Queued frame 37 for OCR
08:11:53 [INFO] OCR worker: received frame 37
08:11:53 [INFO] OCR worker exception: operands could not be broadcast together with shapes (100,740,3) (100,800,3) 
08:11:53 [INFO] Queued frame 38 for OCR
08:11:53 [INFO] OCR worker: received frame 38
08:11:53 [INFO] OCR worker exception: operands could not be broadcast together with shapes (100,740,3) (100,800,3) 
08:11:53 [INFO] Queued frame 39 for OCR
08:11:53 [INFO] OCR worker: received frame 39
08:11:53 [INFO] OCR worker exception: operands could not be broadcast together with shapes (100,740,3) (100,800,3) 
08:11:53 [INFO] Queued frame 40 for OCR
08:11:53 [INFO] OCR worker: received frame 40
08:11:53 [INFO] OCR worker exception: operands could not be broadcast together with shapes (100,740,3) (100,800,3) 
08:11:53 [INFO] Queued frame 41 for OCR
08:11:53 [INFO] OCR worker: received frame 41
08:11:54 [INFO] OCR worker exception: operands could not be broadcast together with shapes (100,740,3) (100,800,3) 
08:11:54 [INFO] Queued frame 42 for OCR
08:11:54 [INFO] OCR worker: received frame 42
08:11:54 [INFO] OCR worker exception: operands could not be broadcast together with shapes (100,740,3) (100,800,3) 
08:11:54 [INFO] Queued frame 43 for OCR
08:11:54 [INFO] OCR worker: received frame 43
08:11:54 [INFO] OCR worker exception: operands could not be broadcast together with shapes (100,740,3) (100,800,3) 
08:11:54 [INFO] Queued frame 44 for OCR
08:11:54 [INFO] OCR worker: received frame 44
08:11:54 [INFO] OCR worker exception: operands could not be broadcast together with shapes (100,740,3) (100,800,3) 
08:11:54 [INFO] Queued frame 45 for OCR
08:11:54 [INFO] OCR worker: received frame 45
08:11:54 [INFO] OCR worker exception: operands could not be broadcast together with shapes (100,740,3) (100,800,3) 
08:11:54 [INFO] Queued frame 46 for OCR
08:11:54 [INFO] OCR worker: received frame 46
08:11:54 [INFO] OCR worker exception: operands could not be broadcast together with shapes (100,740,3) (100,800,3) 
08:11:54 [INFO] Queued frame 47 for OCR
08:11:54 [INFO] OCR worker: received frame 47
08:11:54 [INFO] OCR worker exception: operands could not be broadcast together with shapes (100,740,3) (100,800,3) 
08:11:54 [INFO] Queued frame 48 for OCR
08:11:54 [INFO] OCR worker: received frame 48
08:11:55 [INFO] OCR worker exception: operands could not be broadcast together with shapes (100,740,3) (100,800,3) 
08:11:55 [INFO] Quit requested
08:11:55 [INFO] Shutting down: sending None to worker and waiting
08:11:55 [INFO] OCR worker received shutdown signal
08:11:55 [INFO] Camera stopped
08:11:55 [INFO] Exited cleanly
08:11:55 [INFO] Camera closed successfully.
