08:35:44 [INFO] Initialization successful.
08:35:44 [INFO] Camera now open.
08:35:44 [INFO] Camera configuration has been adjusted!
08:35:44 [INFO] Configuration successful!
08:35:46 [INFO] Camera started
08:35:46 [INFO] OCR worker started
08:35:46 [INFO] Starting main loop
08:35:48 [INFO] Queued frame 0 for OCR
08:35:48 [INFO] OCR worker: received frame 0
08:35:57 [INFO] OCR done frame 0: text='lo outlin'
08:35:57 [INFO] Saying with TTS: lo outlin
08:35:57 [INFO] timings (deskew=0.174s, prep=0.160s, ocr=7.731s) total=9.201s angle=0.00°
08:35:57 [INFO] MSE: 14576.979375
08:36:09 [INFO] Queued frame 1 for OCR
08:36:09 [INFO] OCR worker: received frame 1
08:36:09 [INFO] OCR done frame 1: text='lo outlin'
08:36:09 [INFO] timings (deskew=0.020s, prep=0.007s, ocr=7.731s) total=0.035s angle=0.00°
08:36:09 [INFO] MSE: 20034.2025
08:36:10 [INFO] Queued frame 2 for OCR
08:36:10 [INFO] OCR worker: received frame 2
08:36:10 [INFO] OCR done frame 2: text='lo outlin'
08:36:10 [INFO] timings (deskew=0.014s, prep=0.005s, ocr=7.731s) total=0.033s angle=0.00°
08:36:10 [INFO] MSE: 27164.19375
08:36:10 [INFO] Queued frame 3 for OCR
08:36:10 [INFO] OCR worker: received frame 3
08:36:10 [INFO] OCR done frame 3: text='lo outlin'
08:36:10 [INFO] timings (deskew=0.018s, prep=0.006s, ocr=7.731s) total=0.033s angle=0.00°
08:36:10 [INFO] MSE: 22418.994375
08:36:10 [INFO] Queued frame 4 for OCR
08:36:10 [INFO] OCR worker: received frame 4
08:36:10 [INFO] OCR done frame 4: text='lo outlin'
08:36:10 [INFO] timings (deskew=0.012s, prep=0.005s, ocr=7.731s) total=0.025s angle=0.00°
08:36:10 [INFO] MSE: 23257.816875
08:36:10 [INFO] Queued frame 5 for OCR
08:36:10 [INFO] OCR worker: received frame 5
08:36:10 [INFO] OCR done frame 5: text='lo outlin'
08:36:10 [INFO] timings (deskew=0.014s, prep=0.004s, ocr=7.731s) total=0.026s angle=0.00°
08:36:10 [INFO] MSE: 20585.289375
08:36:10 [INFO] Queued frame 6 for OCR
08:36:10 [INFO] OCR worker: received frame 6
08:36:10 [INFO] OCR done frame 6: text='lo outlin'
08:36:10 [INFO] timings (deskew=0.018s, prep=0.007s, ocr=7.731s) total=0.034s angle=0.00°
08:36:10 [INFO] MSE: 20063.46375
08:36:11 [INFO] Queued frame 7 for OCR
08:36:11 [INFO] OCR worker: received frame 7
08:36:11 [INFO] Queued frame 8 for OCR
08:36:16 [INFO] OCR done frame 7: text='To outline the m'
08:36:16 [INFO] Saying with TTS: To outline the m
08:36:16 [INFO] timings (deskew=0.020s, prep=0.006s, ocr=5.443s) total=5.495s angle=0.00°
08:36:16 [INFO] MSE: 9344.0925
08:36:16 [INFO] OCR worker: received frame 8
08:36:16 [INFO] OCR done frame 8: text='To outline the m'
08:36:16 [INFO] timings (deskew=0.017s, prep=0.017s, ocr=5.443s) total=0.045s angle=0.00°
08:36:16 [INFO] MSE: 29397.8025
08:36:16 [INFO] Queued frame 56 for OCR
08:36:16 [INFO] OCR worker: received frame 56
08:36:16 [INFO] OCR done frame 56: text='To outline the m'
08:36:16 [INFO] timings (deskew=0.013s, prep=0.007s, ocr=5.443s) total=0.032s angle=0.00°
08:36:16 [INFO] MSE: 28583.364375
08:36:16 [INFO] Queued frame 57 for OCR
08:36:16 [INFO] OCR worker: received frame 57
08:36:16 [INFO] Queued frame 58 for OCR
08:36:19 [INFO] OCR done frame 57: text='To outline the m'
08:36:19 [INFO] timings (deskew=0.021s, prep=0.014s, ocr=2.536s) total=2.580s angle=0.00°
08:36:19 [INFO] MSE: 12640.86
08:36:19 [INFO] OCR worker: received frame 58
08:36:19 [INFO] OCR done frame 58: text='To outline the m'
08:36:19 [INFO] timings (deskew=0.032s, prep=0.005s, ocr=2.536s) total=0.047s angle=0.00°
08:36:19 [INFO] MSE: 23243.18625
08:36:19 [INFO] Queued frame 75 for OCR
08:36:19 [INFO] OCR worker: received frame 75
08:36:19 [INFO] OCR done frame 75: text='To outline the m'
08:36:19 [INFO] timings (deskew=0.017s, prep=0.007s, ocr=2.536s) total=0.038s angle=0.00°
08:36:19 [INFO] MSE: 29310.01875
08:36:19 [INFO] Queued frame 76 for OCR
08:36:19 [INFO] OCR worker: received frame 76
08:36:19 [INFO] Queued frame 77 for OCR
08:36:21 [INFO] OCR done frame 76: text='. outline the main'
08:36:21 [INFO] Saying with TTS: . outline the main
08:36:21 [INFO] timings (deskew=0.028s, prep=0.023s, ocr=2.291s) total=2.358s angle=0.00°
08:36:21 [INFO] MSE: 3789.331875
08:36:21 [INFO] OCR worker: received frame 77
08:36:22 [INFO] Queued frame 91 for OCR
08:36:26 [INFO] OCR done frame 77: text=') outline the main'
08:36:26 [INFO] Saying with TTS: ) outline the main
08:36:26 [INFO] timings (deskew=0.018s, prep=0.009s, ocr=4.488s) total=4.524s angle=0.00°
08:36:26 [INFO] MSE: 3135.830625
08:36:26 [INFO] OCR worker: received frame 91
08:36:26 [INFO] Queued frame 118 for OCR
08:36:30 [INFO] OCR done frame 91: text='| outline the main'
08:36:30 [INFO] Saying with TTS: | outline the main
08:36:30 [INFO] timings (deskew=0.016s, prep=0.004s, ocr=3.676s) total=3.705s angle=0.00°
08:36:30 [INFO] MSE: 15557.23125
08:36:30 [INFO] OCR worker: received frame 118
08:36:30 [INFO] Queued frame 135 for OCR
08:36:30 [INFO] OCR done frame 118: text='| outline the main'
08:36:30 [INFO] timings (deskew=0.023s, prep=0.015s, ocr=3.676s) total=0.048s angle=0.00°
08:36:30 [INFO] MSE: 27939.616875
08:36:30 [INFO] OCR worker: received frame 135
08:36:30 [INFO] OCR done frame 135: text='| outline the main'
08:36:30 [INFO] timings (deskew=0.017s, prep=0.006s, ocr=3.676s) total=0.049s angle=0.00°
08:36:30 [INFO] MSE: 29968.396875
08:36:30 [INFO] Queued frame 136 for OCR
08:36:30 [INFO] OCR worker: received frame 136
08:36:30 [INFO] Queued frame 137 for OCR
08:36:34 [INFO] OCR done frame 136: text='ne main ideas of «'
08:36:34 [INFO] Saying with TTS: ne main ideas of «
08:36:34 [INFO] timings (deskew=0.029s, prep=0.017s, ocr=4.050s) total=4.112s angle=0.00°
08:36:34 [INFO] MSE: 7734.72375
08:36:34 [INFO] OCR worker: received frame 137
08:36:34 [INFO] Queued frame 155 for OCR
08:36:40 [INFO] OCR done frame 137: text='re main ideas of ('
08:36:40 [INFO] Saying with TTS: re main ideas of (
08:36:40 [INFO] timings (deskew=0.024s, prep=0.028s, ocr=5.281s) total=5.342s angle=0.00°
08:36:40 [INFO] MSE: 17312.90625
08:36:40 [INFO] OCR worker: received frame 155
08:36:40 [INFO] OCR done frame 155: text='re main ideas of ('
08:36:40 [INFO] timings (deskew=0.018s, prep=0.005s, ocr=5.281s) total=0.040s angle=0.00°
08:36:40 [INFO] MSE: 24901.32375
08:36:40 [INFO] Queued frame 180 for OCR
08:36:40 [INFO] OCR worker: received frame 180
08:36:40 [INFO] OCR done frame 180: text='re main ideas of ('
08:36:40 [INFO] timings (deskew=0.025s, prep=0.024s, ocr=5.281s) total=0.056s angle=0.00°
08:36:40 [INFO] MSE: 40887.72
08:36:40 [INFO] Queued frame 181 for OCR
08:36:40 [INFO] OCR worker: received frame 181
08:36:40 [INFO] Queued frame 182 for OCR
08:36:43 [INFO] OCR done frame 181: text='Hy ZNITIN'
08:36:43 [INFO] Saying with TTS: Hy ZNITIN
08:36:43 [INFO] timings (deskew=0.030s, prep=0.003s, ocr=3.458s) total=3.503s angle=0.00°
08:36:43 [INFO] MSE: 8963.69625
08:36:43 [INFO] OCR worker: received frame 182
08:36:43 [INFO] Queued frame 206 for OCR
08:36:47 [INFO] OCR done frame 182: text='Hy NNTP'
08:36:47 [INFO] Saying with TTS: Hy NNTP
08:36:47 [INFO] timings (deskew=0.016s, prep=0.004s, ocr=3.366s) total=3.396s angle=0.00°
08:36:47 [INFO] MSE: 9651.335625
08:36:47 [INFO] OCR worker: received frame 206
08:36:47 [INFO] OCR done frame 206: text='Hy NNTP'
08:36:47 [INFO] timings (deskew=0.027s, prep=0.007s, ocr=3.366s) total=0.046s angle=0.00°
08:36:47 [INFO] MSE: 46837.5075
08:36:47 [INFO] Queued frame 229 for OCR
08:36:47 [INFO] OCR worker: received frame 229
08:36:47 [INFO] OCR done frame 229: text='Hy NNTP'
08:36:47 [INFO] timings (deskew=0.056s, prep=0.007s, ocr=3.366s) total=0.081s angle=0.00°
08:36:47 [INFO] MSE: 43813.845
08:36:47 [INFO] Queued frame 230 for OCR
08:36:47 [INFO] OCR worker: received frame 230
08:36:47 [INFO] OCR done frame 230: text='Hy NNTP'
08:36:47 [INFO] timings (deskew=0.030s, prep=0.016s, ocr=3.366s) total=0.056s angle=0.00°
08:36:47 [INFO] MSE: 21482.634375
08:36:47 [INFO] Queued frame 231 for OCR
08:36:47 [INFO] OCR worker: received frame 231
08:36:47 [INFO] Queued frame 232 for OCR
08:36:51 [INFO] OCR done frame 231: text='VE RINTEN IT'
08:36:51 [INFO] Saying with TTS: VE RINTEN IT
08:36:51 [INFO] timings (deskew=0.028s, prep=0.009s, ocr=3.473s) total=3.518s angle=0.00°
08:36:51 [INFO] MSE: 13138.30125
08:36:51 [INFO] OCR worker: received frame 232
08:36:51 [INFO] OCR done frame 232: text='VE RINTEN IT'
08:36:51 [INFO] timings (deskew=0.020s, prep=0.009s, ocr=3.473s) total=0.038s angle=0.00°
08:36:51 [INFO] MSE: 26471.6775
08:36:51 [INFO] Queued frame 261 for OCR
08:36:51 [INFO] OCR worker: received frame 261
08:36:51 [INFO] OCR done frame 261: text='VE RINTEN IT'
08:36:51 [INFO] timings (deskew=0.025s, prep=0.005s, ocr=3.473s) total=0.040s angle=0.00°
08:36:51 [INFO] MSE: 43618.77
08:36:51 [INFO] Queued frame 262 for OCR
08:36:51 [INFO] OCR worker: received frame 262
08:36:51 [INFO] OCR done frame 262: text='VE RINTEN IT'
08:36:51 [INFO] timings (deskew=0.018s, prep=0.006s, ocr=3.473s) total=0.034s angle=0.00°
08:36:51 [INFO] MSE: 42316.644375
08:36:51 [INFO] Queued frame 263 for OCR
08:36:51 [INFO] OCR worker: received frame 263
08:36:52 [INFO] OCR done frame 263: text='VE RINTEN IT'
08:36:52 [INFO] timings (deskew=0.017s, prep=0.009s, ocr=3.473s) total=0.066s angle=0.00°
08:36:52 [INFO] MSE: 37361.739375
08:36:52 [INFO] Queued frame 264 for OCR
08:36:52 [INFO] OCR worker: received frame 264
08:36:52 [INFO] OCR done frame 264: text='VE RINTEN IT'
08:36:52 [INFO] timings (deskew=0.029s, prep=0.008s, ocr=3.473s) total=0.045s angle=0.00°
08:36:52 [INFO] MSE: 50968.220625
08:36:52 [INFO] Queued frame 265 for OCR
08:36:52 [INFO] OCR worker: received frame 265
08:36:52 [INFO] OCR done frame 265: text='VE RINTEN IT'
08:36:52 [INFO] timings (deskew=0.019s, prep=0.009s, ocr=3.473s) total=0.036s angle=0.00°
08:36:52 [INFO] MSE: 44208.871875
08:36:52 [INFO] Queued frame 266 for OCR
08:36:52 [INFO] OCR worker: received frame 266
08:36:52 [INFO] OCR done frame 266: text='VE RINTEN IT'
08:36:52 [INFO] timings (deskew=0.024s, prep=0.004s, ocr=3.473s) total=0.035s angle=0.00°
08:36:52 [INFO] MSE: 46266.913125
08:36:52 [INFO] Queued frame 267 for OCR
08:36:52 [INFO] OCR worker: received frame 267
08:36:52 [INFO] OCR done frame 267: text='VE RINTEN IT'
08:36:52 [INFO] timings (deskew=0.019s, prep=0.005s, ocr=3.473s) total=0.031s angle=0.00°
08:36:52 [INFO] MSE: 39424.6575
08:36:52 [INFO] Queued frame 268 for OCR
08:36:52 [INFO] OCR worker: received frame 268
08:36:52 [INFO] OCR done frame 268: text='VE RINTEN IT'
08:36:52 [INFO] timings (deskew=0.022s, prep=0.003s, ocr=3.473s) total=0.034s angle=0.00°
08:36:52 [INFO] MSE: 32597.0325
08:36:52 [INFO] Queued frame 269 for OCR
08:36:52 [INFO] OCR worker: received frame 269
08:36:52 [INFO] OCR done frame 269: text='VE RINTEN IT'
08:36:52 [INFO] timings (deskew=0.021s, prep=0.012s, ocr=3.473s) total=0.044s angle=0.00°
08:36:52 [INFO] MSE: 37327.60125
08:36:52 [INFO] Queued frame 270 for OCR
08:36:52 [INFO] OCR worker: received frame 270
08:36:53 [INFO] OCR done frame 270: text='VE RINTEN IT'
08:36:53 [INFO] timings (deskew=0.025s, prep=0.006s, ocr=3.473s) total=0.046s angle=0.00°
08:36:53 [INFO] MSE: 46476.61875
08:36:53 [INFO] Queued frame 271 for OCR
08:36:53 [INFO] OCR worker: received frame 271
08:36:53 [INFO] OCR done frame 271: text='VE RINTEN IT'
08:36:53 [INFO] timings (deskew=0.018s, prep=0.006s, ocr=3.473s) total=0.034s angle=0.00°
08:36:53 [INFO] MSE: 25476.795
08:36:53 [INFO] Queued frame 272 for OCR
08:36:53 [INFO] OCR worker: received frame 272
08:36:53 [INFO] OCR done frame 272: text='VE RINTEN IT'
08:36:53 [INFO] timings (deskew=0.026s, prep=0.007s, ocr=3.473s) total=0.042s angle=0.00°
08:36:53 [INFO] MSE: 22297.0725
08:36:53 [INFO] Queued frame 273 for OCR
08:36:53 [INFO] OCR worker: received frame 273
08:36:53 [INFO] Queued frame 274 for OCR
08:36:54 [INFO] Quit requested
08:36:54 [INFO] Shutting down: sending None to worker and waiting
08:36:55 [INFO] OCR done frame 273: text='al £0 $e ee psye'
08:36:55 [INFO] Saying with TTS: al £0 $e ee psye
08:36:55 [INFO] timings (deskew=0.021s, prep=0.004s, ocr=1.887s) total=1.925s angle=0.00°
08:36:55 [INFO] MSE: 10953.46125
08:36:55 [INFO] OCR worker: received frame 274
08:36:55 [INFO] Camera stopped
08:36:55 [INFO] Exited cleanly
08:36:56 [INFO] Camera closed successfully.
