08:06:07 [INFO] Initialization successful.
08:06:07 [INFO] Camera now open.
08:06:07 [INFO] Camera configuration has been adjusted!
08:06:07 [INFO] Configuration successful!
08:06:07 [INFO] Camera started
08:06:07 [INFO] OCR worker started
08:06:07 [INFO] Starting main loop
08:06:08 [INFO] Queued frame 0 for OCR
08:06:08 [INFO] OCR worker: received frame 0
08:06:08 [INFO] OCR worker exception: operands could not be broadcast together with shapes (100,740,3) (100,620,3) 
08:06:17 [INFO] Queued frame 1 for OCR
08:06:17 [INFO] OCR worker: received frame 1
08:06:17 [INFO] OCR worker exception: operands could not be broadcast together with shapes (100,740,3) (100,620,3) 
08:06:17 [INFO] Queued frame 2 for OCR
08:06:17 [INFO] OCR worker: received frame 2
08:06:17 [INFO] OCR worker exception: operands could not be broadcast together with shapes (100,740,3) (100,620,3) 
08:06:17 [INFO] Queued frame 3 for OCR
08:06:17 [INFO] OCR worker: received frame 3
08:06:17 [INFO] OCR worker exception: operands could not be broadcast together with shapes (100,740,3) (100,620,3) 
08:06:18 [INFO] Queued frame 4 for OCR
08:06:18 [INFO] OCR worker: received frame 4
08:06:18 [INFO] OCR worker exception: operands could not be broadcast together with shapes (100,740,3) (100,620,3) 
08:06:18 [INFO] Queued frame 5 for OCR
08:06:18 [INFO] OCR worker: received frame 5
08:06:18 [INFO] OCR worker exception: operands could not be broadcast together with shapes (100,740,3) (100,620,3) 
08:06:18 [INFO] Queued frame 6 for OCR
08:06:18 [INFO] OCR worker: received frame 6
08:06:18 [INFO] OCR worker exception: operands could not be broadcast together with shapes (100,740,3) (100,620,3) 
08:06:18 [INFO] Queued frame 7 for OCR
08:06:18 [INFO] OCR worker: received frame 7
08:06:18 [INFO] OCR worker exception: operands could not be broadcast together with shapes (100,740,3) (100,620,3) 
08:06:18 [INFO] Queued frame 8 for OCR
08:06:18 [INFO] OCR worker: received frame 8
08:06:18 [INFO] OCR worker exception: operands could not be broadcast together with shapes (100,740,3) (100,620,3) 
08:06:18 [INFO] Queued frame 9 for OCR
08:06:18 [INFO] OCR worker: received frame 9
08:06:18 [INFO] OCR worker exception: operands could not be broadcast together with shapes (100,740,3) (100,620,3) 
08:06:19 [INFO] Queued frame 10 for OCR
08:06:19 [INFO] OCR worker: received frame 10
08:06:19 [INFO] OCR worker exception: operands could not be broadcast together with shapes (100,740,3) (100,620,3) 
08:06:19 [INFO] Queued frame 11 for OCR
08:06:19 [INFO] OCR worker: received frame 11
08:06:19 [INFO] OCR worker exception: operands could not be broadcast together with shapes (100,740,3) (100,620,3) 
08:06:19 [INFO] Queued frame 12 for OCR
08:06:19 [INFO] OCR worker: received frame 12
08:06:19 [INFO] OCR worker exception: operands could not be broadcast together with shapes (100,740,3) (100,620,3) 
08:06:19 [INFO] Queued frame 13 for OCR
08:06:19 [INFO] OCR worker: received frame 13
08:06:19 [INFO] OCR worker exception: operands could not be broadcast together with shapes (100,740,3) (100,620,3) 
08:06:19 [INFO] Queued frame 14 for OCR
08:06:19 [INFO] OCR worker: received frame 14
08:06:19 [INFO] OCR worker exception: operands could not be broadcast together with shapes (100,740,3) (100,620,3) 
08:06:19 [INFO] Queued frame 15 for OCR
08:06:19 [INFO] OCR worker: received frame 15
08:06:19 [INFO] OCR worker exception: operands could not be broadcast together with shapes (100,740,3) (100,620,3) 
08:06:19 [INFO] Queued frame 16 for OCR
08:06:19 [INFO] OCR worker: received frame 16
08:06:19 [INFO] OCR worker exception: operands could not be broadcast together with shapes (100,740,3) (100,620,3) 
08:06:20 [INFO] Queued frame 17 for OCR
08:06:20 [INFO] OCR worker: received frame 17
08:06:20 [INFO] OCR worker exception: operands could not be broadcast together with shapes (100,740,3) (100,620,3) 
08:06:20 [INFO] Queued frame 18 for OCR
08:06:20 [INFO] OCR worker: received frame 18
08:06:20 [INFO] OCR worker exception: operands could not be broadcast together with shapes (100,740,3) (100,620,3) 
08:06:20 [INFO] Queued frame 19 for OCR
08:06:20 [INFO] OCR worker: received frame 19
08:06:20 [INFO] OCR worker exception: operands could not be broadcast together with shapes (100,740,3) (100,620,3) 
08:06:20 [INFO] Queued frame 20 for OCR
08:06:20 [INFO] OCR worker: received frame 20
08:06:20 [INFO] OCR worker exception: operands could not be broadcast together with shapes (100,740,3) (100,620,3) 
08:06:20 [INFO] Queued frame 21 for OCR
08:06:20 [INFO] OCR worker: received frame 21
08:06:20 [INFO] OCR worker exception: operands could not be broadcast together with shapes (100,740,3) (100,620,3) 
08:06:20 [INFO] Queued frame 22 for OCR
08:06:20 [INFO] OCR worker: received frame 22
08:06:20 [INFO] OCR worker exception: operands could not be broadcast together with shapes (100,740,3) (100,620,3) 
08:06:20 [INFO] Queued frame 23 for OCR
08:06:20 [INFO] OCR worker: received frame 23
08:06:20 [INFO] OCR worker exception: operands could not be broadcast together with shapes (100,740,3) (100,620,3) 
08:06:20 [INFO] Queued frame 24 for OCR
08:06:20 [INFO] OCR worker: received frame 24
08:06:21 [INFO] OCR worker exception: operands could not be broadcast together with shapes (100,740,3) (100,620,3) 
08:06:21 [INFO] Queued frame 25 for OCR
08:06:21 [INFO] OCR worker: received frame 25
08:06:21 [INFO] OCR worker exception: operands could not be broadcast together with shapes (100,740,3) (100,620,3) 
08:06:21 [INFO] Queued frame 26 for OCR
08:06:21 [INFO] OCR worker: received frame 26
08:06:21 [INFO] OCR worker exception: operands could not be broadcast together with shapes (100,740,3) (100,620,3) 
08:06:21 [INFO] Queued frame 27 for OCR
08:06:21 [INFO] OCR worker: received frame 27
08:06:21 [INFO] OCR worker exception: operands could not be broadcast together with shapes (100,740,3) (100,620,3) 
08:06:21 [INFO] Queued frame 28 for OCR
08:06:21 [INFO] OCR worker: received frame 28
08:06:21 [INFO] OCR worker exception: operands could not be broadcast together with shapes (100,740,3) (100,620,3) 
08:06:21 [INFO] Queued frame 29 for OCR
08:06:21 [INFO] OCR worker: received frame 29
08:06:21 [INFO] OCR worker exception: operands could not be broadcast together with shapes (100,740,3) (100,620,3) 
08:06:21 [INFO] Queued frame 30 for OCR
08:06:21 [INFO] OCR worker: received frame 30
08:06:21 [INFO] OCR worker exception: operands could not be broadcast together with shapes (100,740,3) (100,620,3) 
08:06:21 [INFO] Queued frame 31 for OCR
08:06:21 [INFO] OCR worker: received frame 31
08:06:21 [INFO] OCR worker exception: operands could not be broadcast together with shapes (100,740,3) (100,620,3) 
08:06:22 [INFO] Queued frame 32 for OCR
08:06:22 [INFO] OCR worker: received frame 32
08:06:22 [INFO] OCR worker exception: operands could not be broadcast together with shapes (100,740,3) (100,620,3) 
08:06:22 [INFO] Queued frame 33 for OCR
08:06:22 [INFO] OCR worker: received frame 33
08:06:22 [INFO] OCR worker exception: operands could not be broadcast together with shapes (100,740,3) (100,620,3) 
08:06:22 [INFO] Queued frame 34 for OCR
08:06:22 [INFO] OCR worker: received frame 34
08:06:22 [INFO] OCR worker exception: operands could not be broadcast together with shapes (100,740,3) (100,620,3) 
08:06:22 [INFO] Queued frame 35 for OCR
08:06:22 [INFO] OCR worker: received frame 35
08:06:22 [INFO] OCR worker exception: operands could not be broadcast together with shapes (100,740,3) (100,620,3) 
08:06:22 [INFO] Queued frame 36 for OCR
08:06:22 [INFO] OCR worker: received frame 36
08:06:22 [INFO] OCR worker exception: operands could not be broadcast together with shapes (100,740,3) (100,620,3) 
08:06:22 [INFO] Queued frame 37 for OCR
08:06:22 [INFO] OCR worker: received frame 37
08:06:22 [INFO] OCR worker exception: operands could not be broadcast together with shapes (100,740,3) (100,620,3) 
08:06:22 [INFO] Queued frame 38 for OCR
08:06:22 [INFO] OCR worker: received frame 38
08:06:22 [INFO] OCR worker exception: operands could not be broadcast together with shapes (100,740,3) (100,620,3) 
08:06:22 [INFO] Queued frame 39 for OCR
08:06:22 [INFO] OCR worker: received frame 39
08:06:22 [INFO] OCR worker exception: operands could not be broadcast together with shapes (100,740,3) (100,620,3) 
08:06:23 [INFO] Queued frame 40 for OCR
08:06:23 [INFO] OCR worker: received frame 40
08:06:23 [INFO] OCR worker exception: operands could not be broadcast together with shapes (100,740,3) (100,620,3) 
08:06:23 [INFO] Queued frame 41 for OCR
08:06:23 [INFO] OCR worker: received frame 41
08:06:23 [INFO] OCR worker exception: operands could not be broadcast together with shapes (100,740,3) (100,620,3) 
08:06:23 [INFO] Queued frame 42 for OCR
08:06:23 [INFO] OCR worker: received frame 42
08:06:23 [INFO] OCR worker exception: operands could not be broadcast together with shapes (100,740,3) (100,620,3) 
08:06:23 [INFO] Queued frame 43 for OCR
08:06:23 [INFO] OCR worker: received frame 43
08:06:23 [INFO] OCR worker exception: operands could not be broadcast together with shapes (100,740,3) (100,620,3) 
08:06:23 [INFO] Queued frame 44 for OCR
08:06:23 [INFO] OCR worker: received frame 44
08:06:23 [INFO] OCR worker exception: operands could not be broadcast together with shapes (100,740,3) (100,620,3) 
08:06:23 [INFO] Queued frame 45 for OCR
08:06:23 [INFO] OCR worker: received frame 45
08:06:23 [INFO] OCR worker exception: operands could not be broadcast together with shapes (100,740,3) (100,620,3) 
08:06:23 [INFO] Queued frame 46 for OCR
08:06:23 [INFO] OCR worker: received frame 46
08:06:23 [INFO] OCR worker exception: operands could not be broadcast together with shapes (100,740,3) (100,620,3) 
08:06:23 [INFO] Queued frame 47 for OCR
08:06:23 [INFO] OCR worker: received frame 47
08:06:24 [INFO] OCR worker exception: operands could not be broadcast together with shapes (100,740,3) (100,620,3) 
08:06:24 [INFO] Queued frame 48 for OCR
08:06:24 [INFO] OCR worker: received frame 48
08:06:24 [INFO] OCR worker exception: operands could not be broadcast together with shapes (100,740,3) (100,620,3) 
08:06:24 [INFO] Queued frame 49 for OCR
08:06:24 [INFO] OCR worker: received frame 49
08:06:24 [INFO] OCR worker exception: operands could not be broadcast together with shapes (100,740,3) (100,620,3) 
08:06:24 [INFO] Queued frame 50 for OCR
08:06:24 [INFO] OCR worker: received frame 50
08:06:24 [INFO] OCR worker exception: operands could not be broadcast together with shapes (100,740,3) (100,620,3) 
08:06:24 [INFO] Queued frame 51 for OCR
08:06:24 [INFO] OCR worker: received frame 51
08:06:24 [INFO] OCR worker exception: operands could not be broadcast together with shapes (100,740,3) (100,620,3) 
08:06:24 [INFO] Queued frame 52 for OCR
08:06:24 [INFO] OCR worker: received frame 52
08:06:24 [INFO] OCR worker exception: operands could not be broadcast together with shapes (100,740,3) (100,620,3) 
08:06:24 [INFO] Queued frame 53 for OCR
08:06:24 [INFO] OCR worker: received frame 53
08:06:24 [INFO] OCR worker exception: operands could not be broadcast together with shapes (100,740,3) (100,620,3) 
08:06:24 [INFO] Queued frame 54 for OCR
08:06:24 [INFO] OCR worker: received frame 54
08:06:24 [INFO] OCR worker exception: operands could not be broadcast together with shapes (100,740,3) (100,620,3) 
08:06:25 [INFO] Queued frame 55 for OCR
08:06:25 [INFO] OCR worker: received frame 55
08:06:25 [INFO] OCR worker exception: operands could not be broadcast together with shapes (100,740,3) (100,620,3) 
08:06:25 [INFO] Queued frame 56 for OCR
08:06:25 [INFO] OCR worker: received frame 56
08:06:25 [INFO] OCR worker exception: operands could not be broadcast together with shapes (100,740,3) (100,620,3) 
08:06:25 [INFO] Queued frame 57 for OCR
08:06:25 [INFO] OCR worker: received frame 57
08:06:25 [INFO] OCR worker exception: operands could not be broadcast together with shapes (100,740,3) (100,620,3) 
08:06:25 [INFO] Queued frame 58 for OCR
08:06:25 [INFO] OCR worker: received frame 58
08:06:25 [INFO] OCR worker exception: operands could not be broadcast together with shapes (100,740,3) (100,620,3) 
08:06:25 [INFO] Queued frame 59 for OCR
08:06:25 [INFO] OCR worker: received frame 59
08:06:25 [INFO] OCR worker exception: operands could not be broadcast together with shapes (100,740,3) (100,620,3) 
08:06:25 [INFO] Queued frame 60 for OCR
08:06:25 [INFO] OCR worker: received frame 60
08:06:25 [INFO] OCR worker exception: operands could not be broadcast together with shapes (100,740,3) (100,620,3) 
08:06:25 [INFO] Queued frame 61 for OCR
08:06:25 [INFO] OCR worker: received frame 61
08:06:25 [INFO] OCR worker exception: operands could not be broadcast together with shapes (100,740,3) (100,620,3) 
08:06:26 [INFO] Queued frame 62 for OCR
08:06:26 [INFO] OCR worker: received frame 62
08:06:26 [INFO] OCR worker exception: operands could not be broadcast together with shapes (100,740,3) (100,620,3) 
08:06:26 [INFO] Queued frame 63 for OCR
08:06:26 [INFO] OCR worker: received frame 63
08:06:26 [INFO] OCR worker exception: operands could not be broadcast together with shapes (100,740,3) (100,620,3) 
08:06:26 [INFO] Queued frame 64 for OCR
08:06:26 [INFO] OCR worker: received frame 64
08:06:26 [INFO] OCR worker exception: operands could not be broadcast together with shapes (100,740,3) (100,620,3) 
08:06:26 [INFO] Queued frame 65 for OCR
08:06:26 [INFO] OCR worker: received frame 65
08:06:26 [INFO] OCR worker exception: operands could not be broadcast together with shapes (100,740,3) (100,620,3) 
08:06:26 [INFO] Queued frame 66 for OCR
08:06:26 [INFO] OCR worker: received frame 66
08:06:26 [INFO] OCR worker exception: operands could not be broadcast together with shapes (100,740,3) (100,620,3) 
08:06:26 [INFO] Queued frame 67 for OCR
08:06:26 [INFO] OCR worker: received frame 67
08:06:26 [INFO] OCR worker exception: operands could not be broadcast together with shapes (100,740,3) (100,620,3) 
08:06:26 [INFO] Queued frame 68 for OCR
08:06:26 [INFO] OCR worker: received frame 68
08:06:26 [INFO] OCR worker exception: operands could not be broadcast together with shapes (100,740,3) (100,620,3) 
08:06:26 [INFO] Queued frame 69 for OCR
08:06:26 [INFO] OCR worker: received frame 69
08:06:27 [INFO] OCR worker exception: operands could not be broadcast together with shapes (100,740,3) (100,620,3) 
08:06:27 [INFO] Queued frame 70 for OCR
08:06:27 [INFO] OCR worker: received frame 70
08:06:27 [INFO] OCR worker exception: operands could not be broadcast together with shapes (100,740,3) (100,620,3) 
08:06:27 [INFO] Queued frame 71 for OCR
08:06:27 [INFO] OCR worker: received frame 71
08:06:27 [INFO] OCR worker exception: operands could not be broadcast together with shapes (100,740,3) (100,620,3) 
08:06:27 [INFO] Queued frame 72 for OCR
08:06:27 [INFO] OCR worker: received frame 72
08:06:27 [INFO] OCR worker exception: operands could not be broadcast together with shapes (100,740,3) (100,620,3) 
08:06:27 [INFO] Queued frame 73 for OCR
08:06:27 [INFO] OCR worker: received frame 73
08:06:27 [INFO] OCR worker exception: operands could not be broadcast together with shapes (100,740,3) (100,620,3) 
08:06:27 [INFO] Queued frame 74 for OCR
08:06:27 [INFO] OCR worker: received frame 74
08:06:27 [INFO] OCR worker exception: operands could not be broadcast together with shapes (100,740,3) (100,620,3) 
08:06:27 [INFO] Queued frame 75 for OCR
08:06:27 [INFO] OCR worker: received frame 75
08:06:27 [INFO] OCR worker exception: operands could not be broadcast together with shapes (100,740,3) (100,620,3) 
08:06:27 [INFO] Queued frame 76 for OCR
08:06:27 [INFO] OCR worker: received frame 76
08:06:28 [INFO] OCR worker exception: operands could not be broadcast together with shapes (100,740,3) (100,620,3) 
08:06:28 [INFO] Queued frame 77 for OCR
08:06:28 [INFO] OCR worker: received frame 77
08:06:28 [INFO] OCR worker exception: operands could not be broadcast together with shapes (100,740,3) (100,620,3) 
08:06:28 [INFO] Queued frame 78 for OCR
08:06:28 [INFO] OCR worker: received frame 78
08:06:28 [INFO] OCR worker exception: operands could not be broadcast together with shapes (100,740,3) (100,620,3) 
08:06:28 [INFO] Queued frame 79 for OCR
08:06:28 [INFO] OCR worker: received frame 79
08:06:28 [INFO] OCR worker exception: operands could not be broadcast together with shapes (100,740,3) (100,620,3) 
08:06:28 [INFO] Queued frame 80 for OCR
08:06:28 [INFO] OCR worker: received frame 80
08:06:28 [INFO] OCR worker exception: operands could not be broadcast together with shapes (100,740,3) (100,620,3) 
08:06:28 [INFO] Queued frame 81 for OCR
08:06:28 [INFO] OCR worker: received frame 81
08:06:28 [INFO] OCR worker exception: operands could not be broadcast together with shapes (100,740,3) (100,620,3) 
08:06:28 [INFO] OCR worker: received frame 82
08:06:28 [INFO] Queued frame 82 for OCR
08:06:28 [INFO] OCR worker exception: operands could not be broadcast together with shapes (100,740,3) (100,620,3) 
08:06:28 [INFO] Queued frame 83 for OCR
08:06:28 [INFO] OCR worker: received frame 83
08:06:29 [INFO] OCR worker exception: operands could not be broadcast together with shapes (100,740,3) (100,620,3) 
08:06:29 [INFO] Queued frame 84 for OCR
08:06:29 [INFO] OCR worker: received frame 84
08:06:29 [INFO] OCR worker exception: operands could not be broadcast together with shapes (100,740,3) (100,620,3) 
08:06:29 [INFO] Queued frame 85 for OCR
08:06:29 [INFO] OCR worker: received frame 85
08:06:29 [INFO] OCR worker exception: operands could not be broadcast together with shapes (100,740,3) (100,620,3) 
08:06:29 [INFO] Queued frame 86 for OCR
08:06:29 [INFO] OCR worker: received frame 86
08:06:29 [INFO] OCR worker exception: operands could not be broadcast together with shapes (100,740,3) (100,620,3) 
08:06:29 [INFO] Queued frame 87 for OCR
08:06:29 [INFO] OCR worker: received frame 87
08:06:29 [INFO] OCR worker exception: operands could not be broadcast together with shapes (100,740,3) (100,620,3) 
08:06:29 [INFO] Queued frame 88 for OCR
08:06:29 [INFO] OCR worker: received frame 88
08:06:29 [INFO] OCR worker exception: operands could not be broadcast together with shapes (100,740,3) (100,620,3) 
08:06:29 [INFO] Queued frame 89 for OCR
08:06:29 [INFO] OCR worker: received frame 89
08:06:29 [INFO] OCR worker exception: operands could not be broadcast together with shapes (100,740,3) (100,620,3) 
08:06:29 [INFO] Queued frame 90 for OCR
08:06:29 [INFO] OCR worker: received frame 90
08:06:30 [INFO] OCR worker exception: operands could not be broadcast together with shapes (100,740,3) (100,620,3) 
08:06:30 [INFO] Queued frame 91 for OCR
08:06:30 [INFO] OCR worker: received frame 91
08:06:30 [INFO] OCR worker exception: operands could not be broadcast together with shapes (100,740,3) (100,620,3) 
08:06:30 [INFO] Queued frame 92 for OCR
08:06:30 [INFO] OCR worker: received frame 92
08:06:30 [INFO] OCR worker exception: operands could not be broadcast together with shapes (100,740,3) (100,620,3) 
08:06:30 [INFO] Queued frame 93 for OCR
08:06:30 [INFO] OCR worker: received frame 93
08:06:30 [INFO] OCR worker exception: operands could not be broadcast together with shapes (100,740,3) (100,620,3) 
08:06:30 [INFO] Queued frame 94 for OCR
08:06:30 [INFO] OCR worker: received frame 94
08:06:30 [INFO] OCR worker exception: operands could not be broadcast together with shapes (100,740,3) (100,620,3) 
08:06:30 [INFO] Queued frame 95 for OCR
08:06:30 [INFO] OCR worker: received frame 95
08:06:30 [INFO] OCR worker exception: operands could not be broadcast together with shapes (100,740,3) (100,620,3) 
08:06:30 [INFO] Queued frame 96 for OCR
08:06:30 [INFO] OCR worker: received frame 96
08:06:30 [INFO] OCR worker exception: operands could not be broadcast together with shapes (100,740,3) (100,620,3) 
08:06:30 [INFO] Queued frame 97 for OCR
08:06:30 [INFO] OCR worker: received frame 97
08:06:31 [INFO] OCR worker exception: operands could not be broadcast together with shapes (100,740,3) (100,620,3) 
08:06:31 [INFO] Queued frame 98 for OCR
08:06:31 [INFO] OCR worker: received frame 98
08:06:31 [INFO] OCR worker exception: operands could not be broadcast together with shapes (100,740,3) (100,620,3) 
08:06:31 [INFO] Queued frame 99 for OCR
08:06:31 [INFO] OCR worker: received frame 99
08:06:31 [INFO] OCR worker exception: operands could not be broadcast together with shapes (100,740,3) (100,620,3) 
08:06:31 [INFO] Queued frame 100 for OCR
08:06:31 [INFO] OCR worker: received frame 100
08:06:31 [INFO] OCR worker exception: operands could not be broadcast together with shapes (100,740,3) (100,620,3) 
08:06:31 [INFO] Queued frame 101 for OCR
08:06:31 [INFO] OCR worker: received frame 101
08:06:31 [INFO] OCR worker exception: operands could not be broadcast together with shapes (100,740,3) (100,620,3) 
08:06:31 [INFO] Queued frame 102 for OCR
08:06:31 [INFO] OCR worker: received frame 102
08:06:31 [INFO] OCR worker exception: operands could not be broadcast together with shapes (100,740,3) (100,620,3) 
08:06:31 [INFO] Queued frame 103 for OCR
08:06:31 [INFO] OCR worker: received frame 103
08:06:31 [INFO] OCR worker exception: operands could not be broadcast together with shapes (100,740,3) (100,620,3) 
08:06:31 [INFO] Queued frame 104 for OCR
08:06:31 [INFO] OCR worker: received frame 104
08:06:31 [INFO] OCR worker exception: operands could not be broadcast together with shapes (100,740,3) (100,620,3) 
08:06:32 [INFO] Queued frame 105 for OCR
08:06:32 [INFO] OCR worker: received frame 105
08:06:32 [INFO] OCR worker exception: operands could not be broadcast together with shapes (100,740,3) (100,620,3) 
08:06:32 [INFO] Queued frame 106 for OCR
08:06:32 [INFO] OCR worker: received frame 106
08:06:32 [INFO] OCR worker exception: operands could not be broadcast together with shapes (100,740,3) (100,620,3) 
08:06:32 [INFO] Queued frame 107 for OCR
08:06:32 [INFO] OCR worker: received frame 107
08:06:32 [INFO] OCR worker exception: operands could not be broadcast together with shapes (100,740,3) (100,620,3) 
08:06:32 [INFO] Queued frame 108 for OCR
08:06:32 [INFO] OCR worker: received frame 108
08:06:32 [INFO] OCR worker exception: operands could not be broadcast together with shapes (100,740,3) (100,620,3) 
08:06:32 [INFO] Queued frame 109 for OCR
08:06:32 [INFO] OCR worker: received frame 109
08:06:32 [INFO] OCR worker exception: operands could not be broadcast together with shapes (100,740,3) (100,620,3) 
08:06:32 [INFO] Queued frame 110 for OCR
08:06:32 [INFO] OCR worker: received frame 110
08:06:32 [INFO] OCR worker exception: operands could not be broadcast together with shapes (100,740,3) (100,620,3) 
08:06:32 [INFO] Queued frame 111 for OCR
08:06:32 [INFO] OCR worker: received frame 111
08:06:32 [INFO] OCR worker exception: operands could not be broadcast together with shapes (100,740,3) (100,620,3) 
08:06:32 [INFO] Queued frame 112 for OCR
08:06:32 [INFO] OCR worker: received frame 112
08:06:33 [INFO] OCR worker exception: operands could not be broadcast together with shapes (100,740,3) (100,620,3) 
08:06:33 [INFO] Queued frame 113 for OCR
08:06:33 [INFO] OCR worker: received frame 113
08:06:33 [INFO] OCR worker exception: operands could not be broadcast together with shapes (100,740,3) (100,620,3) 
08:06:33 [INFO] Queued frame 114 for OCR
08:06:33 [INFO] OCR worker: received frame 114
08:06:33 [INFO] OCR worker exception: operands could not be broadcast together with shapes (100,740,3) (100,620,3) 
08:06:33 [INFO] Queued frame 115 for OCR
08:06:33 [INFO] OCR worker: received frame 115
08:06:33 [INFO] OCR worker exception: operands could not be broadcast together with shapes (100,740,3) (100,620,3) 
08:06:33 [INFO] Queued frame 116 for OCR
08:06:33 [INFO] OCR worker: received frame 116
08:06:33 [INFO] OCR worker exception: operands could not be broadcast together with shapes (100,740,3) (100,620,3) 
08:06:33 [INFO] Queued frame 117 for OCR
08:06:33 [INFO] OCR worker: received frame 117
08:06:33 [INFO] OCR worker exception: operands could not be broadcast together with shapes (100,740,3) (100,620,3) 
08:06:33 [INFO] Queued frame 118 for OCR
08:06:33 [INFO] OCR worker: received frame 118
08:06:33 [INFO] OCR worker exception: operands could not be broadcast together with shapes (100,740,3) (100,620,3) 
08:06:33 [INFO] Queued frame 119 for OCR
08:06:33 [INFO] OCR worker: received frame 119
08:06:33 [INFO] OCR worker exception: operands could not be broadcast together with shapes (100,740,3) (100,620,3) 
08:06:34 [INFO] Queued frame 120 for OCR
08:06:34 [INFO] OCR worker: received frame 120
08:06:34 [INFO] OCR worker exception: operands could not be broadcast together with shapes (100,740,3) (100,620,3) 
08:06:34 [INFO] Queued frame 121 for OCR
08:06:34 [INFO] OCR worker: received frame 121
08:06:34 [INFO] OCR worker exception: operands could not be broadcast together with shapes (100,740,3) (100,620,3) 
08:06:34 [INFO] Queued frame 122 for OCR
08:06:34 [INFO] OCR worker: received frame 122
08:06:34 [INFO] OCR worker exception: operands could not be broadcast together with shapes (100,740,3) (100,620,3) 
08:06:34 [INFO] Queued frame 123 for OCR
08:06:34 [INFO] OCR worker: received frame 123
08:06:34 [INFO] OCR worker exception: operands could not be broadcast together with shapes (100,740,3) (100,620,3) 
08:06:34 [INFO] Queued frame 124 for OCR
08:06:34 [INFO] OCR worker: received frame 124
08:06:34 [INFO] OCR worker exception: operands could not be broadcast together with shapes (100,740,3) (100,620,3) 
08:06:34 [INFO] Queued frame 125 for OCR
08:06:34 [INFO] OCR worker: received frame 125
08:06:34 [INFO] OCR worker exception: operands could not be broadcast together with shapes (100,740,3) (100,620,3) 
08:06:34 [INFO] Queued frame 126 for OCR
08:06:34 [INFO] OCR worker: received frame 126
08:06:34 [INFO] OCR worker exception: operands could not be broadcast together with shapes (100,740,3) (100,620,3) 
08:06:35 [INFO] Queued frame 127 for OCR
08:06:35 [INFO] OCR worker: received frame 127
08:06:35 [INFO] OCR worker exception: operands could not be broadcast together with shapes (100,740,3) (100,620,3) 
08:06:35 [INFO] Queued frame 128 for OCR
08:06:35 [INFO] OCR worker: received frame 128
08:06:35 [INFO] OCR worker exception: operands could not be broadcast together with shapes (100,740,3) (100,620,3) 
08:06:35 [INFO] Queued frame 129 for OCR
08:06:35 [INFO] OCR worker: received frame 129
08:06:35 [INFO] OCR worker exception: operands could not be broadcast together with shapes (100,740,3) (100,620,3) 
08:06:35 [INFO] Queued frame 130 for OCR
08:06:35 [INFO] OCR worker: received frame 130
08:06:35 [INFO] OCR worker exception: operands could not be broadcast together with shapes (100,740,3) (100,620,3) 
08:06:35 [INFO] Queued frame 131 for OCR
08:06:35 [INFO] OCR worker: received frame 131
08:06:35 [INFO] OCR worker exception: operands could not be broadcast together with shapes (100,740,3) (100,620,3) 
08:06:35 [INFO] Queued frame 132 for OCR
08:06:35 [INFO] OCR worker: received frame 132
08:06:35 [INFO] OCR worker exception: operands could not be broadcast together with shapes (100,740,3) (100,620,3) 
08:06:35 [INFO] Queued frame 133 for OCR
08:06:35 [INFO] OCR worker: received frame 133
08:06:35 [INFO] OCR worker exception: operands could not be broadcast together with shapes (100,740,3) (100,620,3) 
08:06:35 [INFO] Queued frame 134 for OCR
08:06:35 [INFO] OCR worker: received frame 134
08:06:36 [INFO] OCR worker exception: operands could not be broadcast together with shapes (100,740,3) (100,620,3) 
08:06:36 [INFO] Queued frame 135 for OCR
08:06:36 [INFO] OCR worker: received frame 135
08:06:36 [INFO] OCR worker exception: operands could not be broadcast together with shapes (100,740,3) (100,620,3) 
08:06:36 [INFO] Queued frame 136 for OCR
08:06:36 [INFO] OCR worker: received frame 136
08:06:36 [INFO] OCR worker exception: operands could not be broadcast together with shapes (100,740,3) (100,620,3) 
08:06:36 [INFO] Queued frame 137 for OCR
08:06:36 [INFO] OCR worker: received frame 137
08:06:36 [INFO] OCR worker exception: operands could not be broadcast together with shapes (100,740,3) (100,620,3) 
08:06:36 [INFO] Queued frame 138 for OCR
08:06:36 [INFO] OCR worker: received frame 138
08:06:36 [INFO] OCR worker exception: operands could not be broadcast together with shapes (100,740,3) (100,620,3) 
08:06:36 [INFO] Queued frame 139 for OCR
08:06:36 [INFO] OCR worker: received frame 139
08:06:36 [INFO] OCR worker exception: operands could not be broadcast together with shapes (100,740,3) (100,620,3) 
08:06:36 [INFO] Queued frame 140 for OCR
08:06:36 [INFO] OCR worker: received frame 140
08:06:36 [INFO] OCR worker exception: operands could not be broadcast together with shapes (100,740,3) (100,620,3) 
08:06:36 [INFO] Queued frame 141 for OCR
08:06:36 [INFO] OCR worker: received frame 141
08:06:36 [INFO] OCR worker exception: operands could not be broadcast together with shapes (100,740,3) (100,620,3) 
08:06:37 [INFO] Queued frame 142 for OCR
08:06:37 [INFO] OCR worker: received frame 142
08:06:37 [INFO] OCR worker exception: operands could not be broadcast together with shapes (100,740,3) (100,620,3) 
08:06:37 [INFO] Queued frame 143 for OCR
08:06:37 [INFO] OCR worker: received frame 143
08:06:37 [INFO] OCR worker exception: operands could not be broadcast together with shapes (100,740,3) (100,620,3) 
08:06:37 [INFO] Queued frame 144 for OCR
08:06:37 [INFO] OCR worker: received frame 144
08:06:37 [INFO] OCR worker exception: operands could not be broadcast together with shapes (100,740,3) (100,620,3) 
08:06:37 [INFO] Queued frame 145 for OCR
08:06:37 [INFO] OCR worker: received frame 145
08:06:37 [INFO] OCR worker exception: operands could not be broadcast together with shapes (100,740,3) (100,620,3) 
08:06:37 [INFO] Queued frame 146 for OCR
08:06:37 [INFO] OCR worker: received frame 146
08:06:37 [INFO] OCR worker exception: operands could not be broadcast together with shapes (100,740,3) (100,620,3) 
08:06:37 [INFO] Queued frame 147 for OCR
08:06:37 [INFO] OCR worker: received frame 147
08:06:37 [INFO] OCR worker exception: operands could not be broadcast together with shapes (100,740,3) (100,620,3) 
08:06:37 [INFO] Queued frame 148 for OCR
08:06:37 [INFO] OCR worker: received frame 148
08:06:37 [INFO] OCR worker exception: operands could not be broadcast together with shapes (100,740,3) (100,620,3) 
08:06:38 [INFO] Queued frame 149 for OCR
08:06:38 [INFO] OCR worker: received frame 149
08:06:38 [INFO] OCR worker exception: operands could not be broadcast together with shapes (100,740,3) (100,620,3) 
08:06:38 [INFO] Queued frame 150 for OCR
08:06:38 [INFO] OCR worker: received frame 150
08:06:38 [INFO] OCR worker exception: operands could not be broadcast together with shapes (100,740,3) (100,620,3) 
08:06:38 [INFO] Queued frame 151 for OCR
08:06:38 [INFO] OCR worker: received frame 151
08:06:38 [INFO] OCR worker exception: operands could not be broadcast together with shapes (100,740,3) (100,620,3) 
08:06:38 [INFO] Queued frame 152 for OCR
08:06:38 [INFO] OCR worker: received frame 152
08:06:38 [INFO] OCR worker exception: operands could not be broadcast together with shapes (100,740,3) (100,620,3) 
08:06:38 [INFO] Queued frame 153 for OCR
08:06:38 [INFO] OCR worker: received frame 153
08:06:38 [INFO] OCR worker exception: operands could not be broadcast together with shapes (100,740,3) (100,620,3) 
08:06:38 [INFO] Queued frame 154 for OCR
08:06:38 [INFO] OCR worker: received frame 154
08:06:38 [INFO] OCR worker exception: operands could not be broadcast together with shapes (100,740,3) (100,620,3) 
08:06:38 [INFO] Queued frame 155 for OCR
08:06:38 [INFO] OCR worker: received frame 155
08:06:38 [INFO] OCR worker exception: operands could not be broadcast together with shapes (100,740,3) (100,620,3) 
08:06:38 [INFO] Queued frame 156 for OCR
08:06:38 [INFO] OCR worker: received frame 156
08:06:39 [INFO] OCR worker exception: operands could not be broadcast together with shapes (100,740,3) (100,620,3) 
08:06:39 [INFO] Queued frame 157 for OCR
08:06:39 [INFO] OCR worker: received frame 157
08:06:39 [INFO] OCR worker exception: operands could not be broadcast together with shapes (100,740,3) (100,620,3) 
08:06:39 [INFO] Queued frame 158 for OCR
08:06:39 [INFO] OCR worker: received frame 158
08:06:39 [INFO] OCR worker exception: operands could not be broadcast together with shapes (100,740,3) (100,620,3) 
08:06:39 [INFO] Queued frame 159 for OCR
08:06:39 [INFO] OCR worker: received frame 159
08:06:39 [INFO] OCR worker exception: operands could not be broadcast together with shapes (100,740,3) (100,620,3) 
08:06:39 [INFO] Queued frame 160 for OCR
08:06:39 [INFO] OCR worker: received frame 160
08:06:39 [INFO] OCR worker exception: operands could not be broadcast together with shapes (100,740,3) (100,620,3) 
08:06:39 [INFO] Queued frame 161 for OCR
08:06:39 [INFO] OCR worker: received frame 161
08:06:39 [INFO] OCR worker exception: operands could not be broadcast together with shapes (100,740,3) (100,620,3) 
08:06:39 [INFO] Queued frame 162 for OCR
08:06:39 [INFO] OCR worker: received frame 162
08:06:39 [INFO] OCR worker exception: operands could not be broadcast together with shapes (100,740,3) (100,620,3) 
08:06:39 [INFO] Queued frame 163 for OCR
08:06:39 [INFO] OCR worker: received frame 163
08:06:40 [INFO] OCR worker exception: operands could not be broadcast together with shapes (100,740,3) (100,620,3) 
08:06:40 [INFO] Queued frame 164 for OCR
08:06:40 [INFO] OCR worker: received frame 164
08:06:40 [INFO] OCR worker exception: operands could not be broadcast together with shapes (100,740,3) (100,620,3) 
08:06:40 [INFO] Queued frame 165 for OCR
08:06:40 [INFO] OCR worker: received frame 165
08:06:40 [INFO] OCR worker exception: operands could not be broadcast together with shapes (100,740,3) (100,620,3) 
08:06:40 [INFO] Queued frame 166 for OCR
08:06:40 [INFO] OCR worker: received frame 166
08:06:40 [INFO] OCR worker exception: operands could not be broadcast together with shapes (100,740,3) (100,620,3) 
08:06:40 [INFO] Queued frame 167 for OCR
08:06:40 [INFO] OCR worker: received frame 167
08:06:40 [INFO] OCR worker exception: operands could not be broadcast together with shapes (100,740,3) (100,620,3) 
08:06:40 [INFO] Queued frame 168 for OCR
08:06:40 [INFO] OCR worker: received frame 168
08:06:40 [INFO] OCR worker exception: operands could not be broadcast together with shapes (100,740,3) (100,620,3) 
08:06:40 [INFO] Queued frame 169 for OCR
08:06:40 [INFO] OCR worker: received frame 169
08:06:41 [INFO] OCR worker exception: operands could not be broadcast together with shapes (100,740,3) (100,620,3) 
08:06:41 [INFO] Queued frame 170 for OCR
08:06:41 [INFO] OCR worker: received frame 170
08:06:41 [INFO] OCR worker exception: operands could not be broadcast together with shapes (100,740,3) (100,620,3) 
08:06:41 [INFO] Queued frame 171 for OCR
08:06:41 [INFO] OCR worker: received frame 171
08:06:41 [INFO] OCR worker exception: operands could not be broadcast together with shapes (100,740,3) (100,620,3) 
08:06:41 [INFO] Queued frame 172 for OCR
08:06:41 [INFO] OCR worker: received frame 172
08:06:41 [INFO] OCR worker exception: operands could not be broadcast together with shapes (100,740,3) (100,620,3) 
08:06:41 [INFO] Queued frame 173 for OCR
08:06:41 [INFO] OCR worker: received frame 173
08:06:41 [INFO] OCR worker exception: operands could not be broadcast together with shapes (100,740,3) (100,620,3) 
08:06:41 [INFO] Queued frame 174 for OCR
08:06:41 [INFO] OCR worker: received frame 174
08:06:41 [INFO] OCR worker exception: operands could not be broadcast together with shapes (100,740,3) (100,620,3) 
08:06:41 [INFO] Queued frame 175 for OCR
08:06:41 [INFO] OCR worker: received frame 175
08:06:41 [INFO] OCR worker exception: operands could not be broadcast together with shapes (100,740,3) (100,620,3) 
08:06:42 [INFO] Queued frame 176 for OCR
08:06:42 [INFO] OCR worker: received frame 176
08:06:42 [INFO] OCR worker exception: operands could not be broadcast together with shapes (100,740,3) (100,620,3) 
08:06:42 [INFO] Queued frame 177 for OCR
08:06:42 [INFO] OCR worker: received frame 177
08:06:42 [INFO] OCR worker exception: operands could not be broadcast together with shapes (100,740,3) (100,620,3) 
08:06:42 [INFO] Queued frame 178 for OCR
08:06:42 [INFO] OCR worker: received frame 178
08:06:42 [INFO] OCR worker exception: operands could not be broadcast together with shapes (100,740,3) (100,620,3) 
08:06:42 [INFO] Queued frame 179 for OCR
08:06:42 [INFO] OCR worker: received frame 179
08:06:42 [INFO] OCR worker exception: operands could not be broadcast together with shapes (100,740,3) (100,620,3) 
08:06:42 [INFO] Queued frame 180 for OCR
08:06:42 [INFO] OCR worker: received frame 180
08:06:42 [INFO] OCR worker exception: operands could not be broadcast together with shapes (100,740,3) (100,620,3) 
08:06:42 [INFO] Queued frame 181 for OCR
08:06:42 [INFO] OCR worker: received frame 181
08:06:42 [INFO] OCR worker exception: operands could not be broadcast together with shapes (100,740,3) (100,620,3) 
08:06:42 [INFO] Queued frame 182 for OCR
08:06:42 [INFO] OCR worker: received frame 182
08:06:43 [INFO] OCR worker exception: operands could not be broadcast together with shapes (100,740,3) (100,620,3) 
08:06:43 [INFO] Queued frame 183 for OCR
08:06:43 [INFO] OCR worker: received frame 183
08:06:43 [INFO] OCR worker exception: operands could not be broadcast together with shapes (100,740,3) (100,620,3) 
08:06:43 [INFO] Queued frame 184 for OCR
08:06:43 [INFO] OCR worker: received frame 184
08:06:43 [INFO] OCR worker exception: operands could not be broadcast together with shapes (100,740,3) (100,620,3) 
08:06:43 [INFO] Queued frame 185 for OCR
08:06:43 [INFO] OCR worker: received frame 185
08:06:43 [INFO] OCR worker exception: operands could not be broadcast together with shapes (100,740,3) (100,620,3) 
08:06:43 [INFO] Queued frame 186 for OCR
08:06:43 [INFO] OCR worker: received frame 186
08:06:43 [INFO] OCR worker exception: operands could not be broadcast together with shapes (100,740,3) (100,620,3) 
08:06:43 [INFO] Queued frame 187 for OCR
08:06:43 [INFO] OCR worker: received frame 187
08:06:43 [INFO] OCR worker exception: operands could not be broadcast together with shapes (100,740,3) (100,620,3) 
08:06:43 [INFO] Queued frame 188 for OCR
08:06:43 [INFO] OCR worker: received frame 188
08:06:43 [INFO] OCR worker exception: operands could not be broadcast together with shapes (100,740,3) (100,620,3) 
08:06:43 [INFO] Queued frame 189 for OCR
08:06:43 [INFO] OCR worker: received frame 189
08:06:44 [INFO] OCR worker exception: operands could not be broadcast together with shapes (100,740,3) (100,620,3) 
08:06:44 [INFO] Queued frame 190 for OCR
08:06:44 [INFO] OCR worker: received frame 190
08:06:44 [INFO] OCR worker exception: operands could not be broadcast together with shapes (100,740,3) (100,620,3) 
08:06:44 [INFO] Queued frame 191 for OCR
08:06:44 [INFO] OCR worker: received frame 191
08:06:44 [INFO] OCR worker exception: operands could not be broadcast together with shapes (100,740,3) (100,620,3) 
08:06:44 [INFO] Queued frame 192 for OCR
08:06:44 [INFO] OCR worker: received frame 192
08:06:44 [INFO] OCR worker exception: operands could not be broadcast together with shapes (100,740,3) (100,620,3) 
08:06:44 [INFO] Queued frame 193 for OCR
08:06:44 [INFO] OCR worker: received frame 193
08:06:44 [INFO] OCR worker exception: operands could not be broadcast together with shapes (100,740,3) (100,620,3) 
08:06:44 [INFO] Queued frame 194 for OCR
08:06:44 [INFO] OCR worker: received frame 194
08:06:44 [INFO] OCR worker exception: operands could not be broadcast together with shapes (100,740,3) (100,620,3) 
08:06:44 [INFO] Queued frame 195 for OCR
08:06:44 [INFO] OCR worker: received frame 195
08:06:44 [INFO] OCR worker exception: operands could not be broadcast together with shapes (100,740,3) (100,620,3) 
08:06:44 [INFO] Queued frame 196 for OCR
08:06:44 [INFO] OCR worker: received frame 196
08:06:45 [INFO] OCR worker exception: operands could not be broadcast together with shapes (100,740,3) (100,620,3) 
08:06:45 [INFO] Queued frame 197 for OCR
08:06:45 [INFO] OCR worker: received frame 197
08:06:45 [INFO] OCR worker exception: operands could not be broadcast together with shapes (100,740,3) (100,620,3) 
08:06:45 [INFO] Queued frame 198 for OCR
08:06:45 [INFO] OCR worker: received frame 198
08:06:45 [INFO] OCR worker exception: operands could not be broadcast together with shapes (100,740,3) (100,620,3) 
08:06:45 [INFO] Queued frame 199 for OCR
08:06:45 [INFO] OCR worker: received frame 199
08:06:45 [INFO] OCR worker exception: operands could not be broadcast together with shapes (100,740,3) (100,620,3) 
08:06:45 [INFO] Queued frame 200 for OCR
08:06:45 [INFO] OCR worker: received frame 200
08:06:45 [INFO] OCR worker exception: operands could not be broadcast together with shapes (100,740,3) (100,620,3) 
08:06:45 [INFO] Queued frame 201 for OCR
08:06:45 [INFO] OCR worker: received frame 201
08:06:45 [INFO] OCR worker exception: operands could not be broadcast together with shapes (100,740,3) (100,620,3) 
08:06:45 [INFO] Queued frame 202 for OCR
08:06:45 [INFO] OCR worker: received frame 202
08:06:46 [INFO] OCR worker exception: operands could not be broadcast together with shapes (100,740,3) (100,620,3) 
08:06:46 [INFO] Queued frame 203 for OCR
08:06:46 [INFO] OCR worker: received frame 203
08:06:46 [INFO] OCR worker exception: operands could not be broadcast together with shapes (100,740,3) (100,620,3) 
08:06:46 [INFO] Queued frame 204 for OCR
08:06:46 [INFO] OCR worker: received frame 204
08:06:46 [INFO] OCR worker exception: operands could not be broadcast together with shapes (100,740,3) (100,620,3) 
08:06:46 [INFO] Queued frame 205 for OCR
08:06:46 [INFO] OCR worker: received frame 205
08:06:46 [INFO] OCR worker exception: operands could not be broadcast together with shapes (100,740,3) (100,620,3) 
08:06:46 [INFO] Queued frame 206 for OCR
08:06:46 [INFO] OCR worker: received frame 206
08:06:46 [INFO] OCR worker exception: operands could not be broadcast together with shapes (100,740,3) (100,620,3) 
08:06:46 [INFO] Queued frame 207 for OCR
08:06:46 [INFO] OCR worker: received frame 207
08:06:46 [INFO] OCR worker exception: operands could not be broadcast together with shapes (100,740,3) (100,620,3) 
08:06:47 [INFO] Queued frame 208 for OCR
08:06:47 [INFO] OCR worker: received frame 208
08:06:47 [INFO] OCR worker exception: operands could not be broadcast together with shapes (100,740,3) (100,620,3) 
08:06:47 [INFO] Queued frame 209 for OCR
08:06:47 [INFO] OCR worker: received frame 209
08:06:47 [INFO] OCR worker exception: operands could not be broadcast together with shapes (100,740,3) (100,620,3) 
08:06:47 [INFO] Queued frame 210 for OCR
08:06:47 [INFO] OCR worker: received frame 210
08:06:47 [INFO] OCR worker exception: operands could not be broadcast together with shapes (100,740,3) (100,620,3) 
08:06:47 [INFO] Queued frame 211 for OCR
08:06:47 [INFO] OCR worker: received frame 211
08:06:47 [INFO] OCR worker exception: operands could not be broadcast together with shapes (100,740,3) (100,620,3) 
08:06:47 [INFO] Queued frame 212 for OCR
08:06:47 [INFO] OCR worker: received frame 212
08:06:47 [INFO] OCR worker exception: operands could not be broadcast together with shapes (100,740,3) (100,620,3) 
08:06:47 [INFO] Queued frame 213 for OCR
08:06:47 [INFO] OCR worker: received frame 213
08:06:47 [INFO] OCR worker exception: operands could not be broadcast together with shapes (100,740,3) (100,620,3) 
08:06:48 [INFO] Queued frame 214 for OCR
08:06:48 [INFO] OCR worker: received frame 214
08:06:48 [INFO] OCR worker exception: operands could not be broadcast together with shapes (100,740,3) (100,620,3) 
08:06:48 [INFO] Queued frame 215 for OCR
08:06:48 [INFO] OCR worker: received frame 215
08:06:48 [INFO] OCR worker exception: operands could not be broadcast together with shapes (100,740,3) (100,620,3) 
08:06:48 [INFO] Queued frame 216 for OCR
08:06:48 [INFO] OCR worker: received frame 216
08:06:48 [INFO] OCR worker exception: operands could not be broadcast together with shapes (100,740,3) (100,620,3) 
08:06:48 [INFO] Queued frame 217 for OCR
08:06:48 [INFO] OCR worker: received frame 217
08:06:48 [INFO] OCR worker exception: operands could not be broadcast together with shapes (100,740,3) (100,620,3) 
08:06:48 [INFO] Queued frame 218 for OCR
08:06:48 [INFO] OCR worker: received frame 218
08:06:48 [INFO] OCR worker exception: operands could not be broadcast together with shapes (100,740,3) (100,620,3) 
08:06:48 [INFO] Queued frame 219 for OCR
08:06:48 [INFO] OCR worker: received frame 219
08:06:48 [INFO] OCR worker exception: operands could not be broadcast together with shapes (100,740,3) (100,620,3) 
08:06:49 [INFO] Queued frame 220 for OCR
08:06:49 [INFO] OCR worker: received frame 220
08:06:49 [INFO] OCR worker exception: operands could not be broadcast together with shapes (100,740,3) (100,620,3) 
08:06:49 [INFO] Queued frame 221 for OCR
08:06:49 [INFO] OCR worker: received frame 221
08:06:49 [INFO] OCR worker exception: operands could not be broadcast together with shapes (100,740,3) (100,620,3) 
08:06:49 [INFO] Queued frame 222 for OCR
08:06:49 [INFO] OCR worker: received frame 222
08:06:49 [INFO] OCR worker exception: operands could not be broadcast together with shapes (100,740,3) (100,620,3) 
08:06:49 [INFO] Queued frame 223 for OCR
08:06:49 [INFO] OCR worker: received frame 223
08:06:49 [INFO] OCR worker exception: operands could not be broadcast together with shapes (100,740,3) (100,620,3) 
08:06:49 [INFO] Queued frame 224 for OCR
08:06:49 [INFO] OCR worker: received frame 224
08:06:49 [INFO] OCR worker exception: operands could not be broadcast together with shapes (100,740,3) (100,620,3) 
08:06:49 [INFO] Queued frame 225 for OCR
08:06:49 [INFO] OCR worker: received frame 225
08:06:49 [INFO] OCR worker exception: operands could not be broadcast together with shapes (100,740,3) (100,620,3) 
08:06:50 [INFO] OCR worker: received frame 226
08:06:50 [INFO] Queued frame 226 for OCR
08:06:50 [INFO] OCR worker exception: operands could not be broadcast together with shapes (100,740,3) (100,620,3) 
08:06:50 [INFO] Queued frame 227 for OCR
08:06:50 [INFO] OCR worker: received frame 227
08:06:50 [INFO] OCR worker exception: operands could not be broadcast together with shapes (100,740,3) (100,620,3) 
08:06:50 [INFO] Queued frame 228 for OCR
08:06:50 [INFO] OCR worker: received frame 228
08:06:50 [INFO] OCR worker exception: operands could not be broadcast together with shapes (100,740,3) (100,620,3) 
08:06:50 [INFO] Queued frame 229 for OCR
08:06:50 [INFO] OCR worker: received frame 229
08:06:50 [INFO] OCR worker exception: operands could not be broadcast together with shapes (100,740,3) (100,620,3) 
08:06:50 [INFO] Queued frame 230 for OCR
08:06:50 [INFO] OCR worker: received frame 230
08:06:50 [INFO] OCR worker exception: operands could not be broadcast together with shapes (100,740,3) (100,620,3) 
08:06:50 [INFO] Queued frame 231 for OCR
08:06:50 [INFO] OCR worker: received frame 231
08:06:50 [INFO] OCR worker exception: operands could not be broadcast together with shapes (100,740,3) (100,620,3) 
08:06:51 [INFO] Queued frame 232 for OCR
08:06:51 [INFO] OCR worker: received frame 232
08:06:51 [INFO] OCR worker exception: operands could not be broadcast together with shapes (100,740,3) (100,620,3) 
08:06:51 [INFO] Queued frame 233 for OCR
08:06:51 [INFO] OCR worker: received frame 233
08:06:51 [INFO] OCR worker exception: operands could not be broadcast together with shapes (100,740,3) (100,620,3) 
08:06:51 [INFO] Queued frame 234 for OCR
08:06:51 [INFO] OCR worker: received frame 234
08:06:51 [INFO] OCR worker exception: operands could not be broadcast together with shapes (100,740,3) (100,620,3) 
08:06:51 [INFO] Queued frame 235 for OCR
08:06:51 [INFO] OCR worker: received frame 235
08:06:51 [INFO] OCR worker exception: operands could not be broadcast together with shapes (100,740,3) (100,620,3) 
08:06:51 [INFO] Queued frame 236 for OCR
08:06:51 [INFO] OCR worker: received frame 236
08:06:51 [INFO] OCR worker exception: operands could not be broadcast together with shapes (100,740,3) (100,620,3) 
08:06:51 [INFO] Queued frame 237 for OCR
08:06:51 [INFO] OCR worker: received frame 237
08:06:52 [INFO] OCR worker exception: operands could not be broadcast together with shapes (100,740,3) (100,620,3) 
08:06:52 [INFO] Queued frame 238 for OCR
08:06:52 [INFO] OCR worker: received frame 238
08:06:52 [INFO] OCR worker exception: operands could not be broadcast together with shapes (100,740,3) (100,620,3) 
08:06:52 [INFO] Queued frame 239 for OCR
08:06:52 [INFO] OCR worker: received frame 239
08:06:52 [INFO] OCR worker exception: operands could not be broadcast together with shapes (100,740,3) (100,620,3) 
08:06:52 [INFO] Queued frame 240 for OCR
08:06:52 [INFO] OCR worker: received frame 240
08:06:52 [INFO] OCR worker exception: operands could not be broadcast together with shapes (100,740,3) (100,620,3) 
08:06:52 [INFO] Queued frame 241 for OCR
08:06:52 [INFO] OCR worker: received frame 241
08:06:52 [INFO] OCR worker exception: operands could not be broadcast together with shapes (100,740,3) (100,620,3) 
08:06:52 [INFO] Queued frame 242 for OCR
08:06:52 [INFO] OCR worker: received frame 242
08:06:52 [INFO] OCR worker exception: operands could not be broadcast together with shapes (100,740,3) (100,620,3) 
08:06:52 [INFO] Queued frame 243 for OCR
08:06:52 [INFO] OCR worker: received frame 243
08:06:52 [INFO] OCR worker exception: operands could not be broadcast together with shapes (100,740,3) (100,620,3) 
08:06:52 [INFO] Queued frame 244 for OCR
08:06:52 [INFO] OCR worker: received frame 244
08:06:52 [INFO] OCR worker exception: operands could not be broadcast together with shapes (100,740,3) (100,620,3) 
08:06:53 [INFO] Queued frame 245 for OCR
08:06:53 [INFO] OCR worker: received frame 245
08:06:53 [INFO] OCR worker exception: operands could not be broadcast together with shapes (100,740,3) (100,620,3) 
08:06:53 [INFO] Queued frame 246 for OCR
08:06:53 [INFO] OCR worker: received frame 246
08:06:53 [INFO] OCR worker exception: operands could not be broadcast together with shapes (100,740,3) (100,620,3) 
08:06:53 [INFO] Queued frame 247 for OCR
08:06:53 [INFO] OCR worker: received frame 247
08:06:53 [INFO] OCR worker exception: operands could not be broadcast together with shapes (100,740,3) (100,620,3) 
08:06:53 [INFO] Queued frame 248 for OCR
08:06:53 [INFO] OCR worker: received frame 248
08:06:54 [INFO] OCR worker exception: operands could not be broadcast together with shapes (100,740,3) (100,620,3) 
08:06:54 [INFO] Queued frame 249 for OCR
08:06:54 [INFO] OCR worker: received frame 249
08:06:54 [INFO] OCR worker exception: operands could not be broadcast together with shapes (100,740,3) (100,620,3) 
08:06:54 [INFO] Queued frame 250 for OCR
08:06:54 [INFO] OCR worker: received frame 250
08:06:54 [INFO] OCR worker exception: operands could not be broadcast together with shapes (100,740,3) (100,620,3) 
08:06:54 [INFO] Queued frame 251 for OCR
08:06:54 [INFO] OCR worker: received frame 251
08:06:54 [INFO] OCR worker exception: operands could not be broadcast together with shapes (100,740,3) (100,620,3) 
08:06:54 [INFO] Queued frame 252 for OCR
08:06:54 [INFO] OCR worker: received frame 252
08:06:54 [INFO] OCR worker exception: operands could not be broadcast together with shapes (100,740,3) (100,620,3) 
08:06:54 [INFO] Queued frame 253 for OCR
08:06:54 [INFO] OCR worker: received frame 253
08:06:54 [INFO] OCR worker exception: operands could not be broadcast together with shapes (100,740,3) (100,620,3) 
08:06:54 [INFO] Queued frame 254 for OCR
08:06:54 [INFO] OCR worker: received frame 254
08:06:54 [INFO] OCR worker exception: operands could not be broadcast together with shapes (100,740,3) (23,620,3) 
08:06:55 [INFO] Quit requested
08:06:55 [INFO] Shutting down: sending None to worker and waiting
08:06:55 [INFO] OCR worker received shutdown signal
08:06:55 [INFO] Camera stopped
08:06:55 [INFO] Exited cleanly
08:06:55 [INFO] Camera closed successfully.
